PREHOOK: query: create table t3 (id int,name string, age int)
PREHOOK: type: CREATETABLE
PREHOOK: Output: database:default
PREHOOK: Output: default@t3
POSTHOOK: query: create table t3 (id int,name string, age int)
POSTHOOK: type: CREATETABLE
POSTHOOK: Output: database:default
POSTHOOK: Output: default@t3
PREHOOK: query: insert into t3 values(1,'Sagar',23),(2,'Sultan',NULL),(3,'Surya',23),(4,'Raman',45),(5,'Scott',23),(6,'Ramya',5),(7,'',23),(8,'',23),(9,'ron',3),(10,'Sam',22),(11,'nick',19),(12,'fed',18),(13,'kong',13),(14,'hela',45)
PREHOOK: type: QUERY
PREHOOK: Input: _dummy_database@_dummy_table
PREHOOK: Output: default@t3
POSTHOOK: query: insert into t3 values(1,'Sagar',23),(2,'Sultan',NULL),(3,'Surya',23),(4,'Raman',45),(5,'Scott',23),(6,'Ramya',5),(7,'',23),(8,'',23),(9,'ron',3),(10,'Sam',22),(11,'nick',19),(12,'fed',18),(13,'kong',13),(14,'hela',45)
POSTHOOK: type: QUERY
POSTHOOK: Input: _dummy_database@_dummy_table
POSTHOOK: Output: default@t3
POSTHOOK: Lineage: t3.age SCRIPT []
POSTHOOK: Lineage: t3.id SCRIPT []
POSTHOOK: Lineage: t3.name SCRIPT []
PREHOOK: query: create table t4 (id int,name string, age int)
PREHOOK: type: CREATETABLE
PREHOOK: Output: database:default
PREHOOK: Output: default@t4
POSTHOOK: query: create table t4 (id int,name string, age int)
POSTHOOK: type: CREATETABLE
POSTHOOK: Output: database:default
POSTHOOK: Output: default@t4
PREHOOK: query: insert into t4 values(1,'Sagar',23),(3,'Surya',23),(4,'Raman',45),(5,'Scott',23),(6,'Ramya',5),(7,'',23),(8,'',23)
PREHOOK: type: QUERY
PREHOOK: Input: _dummy_database@_dummy_table
PREHOOK: Output: default@t4
POSTHOOK: query: insert into t4 values(1,'Sagar',23),(3,'Surya',23),(4,'Raman',45),(5,'Scott',23),(6,'Ramya',5),(7,'',23),(8,'',23)
POSTHOOK: type: QUERY
POSTHOOK: Input: _dummy_database@_dummy_table
POSTHOOK: Output: default@t4
POSTHOOK: Lineage: t4.age SCRIPT []
POSTHOOK: Lineage: t4.id SCRIPT []
POSTHOOK: Lineage: t4.name SCRIPT []
PREHOOK: query: create table t5 (id int,name string, ages int)
PREHOOK: type: CREATETABLE
PREHOOK: Output: database:default
PREHOOK: Output: default@t5
POSTHOOK: query: create table t5 (id int,name string, ages int)
POSTHOOK: type: CREATETABLE
POSTHOOK: Output: database:default
POSTHOOK: Output: default@t5
PREHOOK: query: insert into t5 values(1,'Sagar',23),(3,'Surya',NULL),(4,'Raman',45),(5,'Scott',23),(6,'Ramya',5),(7,'',23),(8,'',23)
PREHOOK: type: QUERY
PREHOOK: Input: _dummy_database@_dummy_table
PREHOOK: Output: default@t5
POSTHOOK: query: insert into t5 values(1,'Sagar',23),(3,'Surya',NULL),(4,'Raman',45),(5,'Scott',23),(6,'Ramya',5),(7,'',23),(8,'',23)
POSTHOOK: type: QUERY
POSTHOOK: Input: _dummy_database@_dummy_table
POSTHOOK: Output: default@t5
POSTHOOK: Lineage: t5.ages SCRIPT []
POSTHOOK: Lineage: t5.id SCRIPT []
POSTHOOK: Lineage: t5.name SCRIPT []
Warning: Shuffle Join MERGEJOIN[70][tables = [b, sq_1_notin_nullcheck]] in Stage 'Reducer 2' is a cross product
PREHOOK: query: explain
from t3 b
INSERT OVERWRITE TABLE t4
  select *
  where b.age not in
   (select a.age
    from t3 a
   )
   order by age

INSERT OVERWRITE TABLE t5
  select *
  where b.age in
   (select c.age
    from t3 c
   )
PREHOOK: type: QUERY
PREHOOK: Input: default@t3
PREHOOK: Output: default@t4
PREHOOK: Output: default@t5
POSTHOOK: query: explain
from t3 b
INSERT OVERWRITE TABLE t4
  select *
  where b.age not in
   (select a.age
    from t3 a
   )
   order by age

INSERT OVERWRITE TABLE t5
  select *
  where b.age in
   (select c.age
    from t3 c
   )
POSTHOOK: type: QUERY
POSTHOOK: Input: default@t3
POSTHOOK: Output: default@t4
POSTHOOK: Output: default@t5
STAGE DEPENDENCIES:
  Stage-2 is a root stage
  Stage-3 depends on stages: Stage-2
  Stage-0 depends on stages: Stage-3
  Stage-4 depends on stages: Stage-0
  Stage-1 depends on stages: Stage-3
  Stage-5 depends on stages: Stage-1

STAGE PLANS:
  Stage: Stage-2
    Tez
#### A masked pattern was here ####
      Edges:
        Reducer 2 <- Map 1 (XPROD_EDGE), Reducer 8 (XPROD_EDGE)
        Reducer 3 <- Map 7 (SIMPLE_EDGE), Reducer 2 (SIMPLE_EDGE)
        Reducer 4 <- Reducer 3 (SIMPLE_EDGE)
        Reducer 5 <- Map 1 (SIMPLE_EDGE), Map 7 (SIMPLE_EDGE)
        Reducer 6 <- Reducer 5 (CUSTOM_SIMPLE_EDGE)
        Reducer 8 <- Map 7 (CUSTOM_SIMPLE_EDGE)
#### A masked pattern was here ####
      Vertices:
        Map 1 
            Map Operator Tree:
                TableScan
                  alias: b
                  Statistics: Num rows: 14 Data size: 1344 Basic stats: COMPLETE Column stats: COMPLETE
                  Reduce Output Operator
                    null sort order: 
                    sort order: 
                    Statistics: Num rows: 14 Data size: 1344 Basic stats: COMPLETE Column stats: COMPLETE
                    value expressions: id (type: int), name (type: string), age (type: int)
                  Filter Operator
                    predicate: age is not null (type: boolean)
                    Statistics: Num rows: 13 Data size: 1248 Basic stats: COMPLETE Column stats: COMPLETE
                    Reduce Output Operator
                      key expressions: age (type: int)
                      null sort order: z
                      sort order: +
                      Map-reduce partition columns: age (type: int)
                      Statistics: Num rows: 13 Data size: 1248 Basic stats: COMPLETE Column stats: COMPLETE
                      value expressions: id (type: int), name (type: string)
            Execution mode: vectorized, llap
            LLAP IO: all inputs
        Map 7 
            Map Operator Tree:
                TableScan
                  alias: a
                  Statistics: Num rows: 14 Data size: 56 Basic stats: COMPLETE Column stats: COMPLETE
                  Select Operator
                    expressions: age (type: int)
                    outputColumnNames: _col0
                    Statistics: Num rows: 14 Data size: 56 Basic stats: COMPLETE Column stats: COMPLETE
                    Reduce Output Operator
                      key expressions: _col0 (type: int)
                      null sort order: z
                      sort order: +
                      Map-reduce partition columns: _col0 (type: int)
                      Statistics: Num rows: 14 Data size: 56 Basic stats: COMPLETE Column stats: COMPLETE
                  Filter Operator
                    predicate: age is null (type: boolean)
                    Statistics: Num rows: 1 Data size: 4 Basic stats: COMPLETE Column stats: COMPLETE
                    Select Operator
                      Statistics: Num rows: 1 Data size: 4 Basic stats: COMPLETE Column stats: COMPLETE
                      Group By Operator
                        aggregations: count()
                        minReductionHashAggr: 0.4
                        mode: hash
                        outputColumnNames: _col0
                        Statistics: Num rows: 1 Data size: 8 Basic stats: COMPLETE Column stats: COMPLETE
                        Reduce Output Operator
                          null sort order: 
                          sort order: 
                          Statistics: Num rows: 1 Data size: 8 Basic stats: COMPLETE Column stats: COMPLETE
                          value expressions: _col0 (type: bigint)
                  Filter Operator
                    predicate: age is not null (type: boolean)
                    Statistics: Num rows: 13 Data size: 52 Basic stats: COMPLETE Column stats: COMPLETE
                    Select Operator
                      expressions: age (type: int)
                      outputColumnNames: _col0
                      Statistics: Num rows: 13 Data size: 52 Basic stats: COMPLETE Column stats: COMPLETE
                      Group By Operator
                        keys: _col0 (type: int)
                        minReductionHashAggr: 0.4
                        mode: hash
                        outputColumnNames: _col0
                        Statistics: Num rows: 8 Data size: 32 Basic stats: COMPLETE Column stats: COMPLETE
                        Reduce Output Operator
                          key expressions: _col0 (type: int)
                          null sort order: z
                          sort order: +
                          Map-reduce partition columns: _col0 (type: int)
                          Statistics: Num rows: 8 Data size: 32 Basic stats: COMPLETE Column stats: COMPLETE
            Execution mode: vectorized, llap
            LLAP IO: all inputs
        Reducer 2 
            Execution mode: llap
            Reduce Operator Tree:
              Merge Join Operator
                condition map:
                     Left Semi Join 0 to 1
                keys:
                  0 
                  1 
                outputColumnNames: _col0, _col1, _col2
                Statistics: Num rows: 14 Data size: 1344 Basic stats: COMPLETE Column stats: COMPLETE
                Reduce Output Operator
                  key expressions: _col2 (type: int)
                  null sort order: z
                  sort order: +
                  Map-reduce partition columns: _col2 (type: int)
                  Statistics: Num rows: 14 Data size: 1344 Basic stats: COMPLETE Column stats: COMPLETE
                  value expressions: _col0 (type: int), _col1 (type: string)
        Reducer 3 
            Execution mode: llap
            Reduce Operator Tree:
              Merge Join Operator
                condition map:
                     Left Outer Join 0 to 1
                keys:
                  0 _col2 (type: int)
                  1 _col0 (type: int)
                outputColumnNames: _col0, _col1, _col2, _col7
                Statistics: Num rows: 24 Data size: 2400 Basic stats: COMPLETE Column stats: COMPLETE
                Filter Operator
                  predicate: _col7 is null (type: boolean)
                  Statistics: Num rows: 1 Data size: 100 Basic stats: COMPLETE Column stats: COMPLETE
                  Select Operator
                    expressions: _col0 (type: int), _col1 (type: string), _col2 (type: int)
                    outputColumnNames: _col0, _col1, _col2
                    Statistics: Num rows: 1 Data size: 100 Basic stats: COMPLETE Column stats: COMPLETE
                    Reduce Output Operator
                      key expressions: _col2 (type: int)
                      null sort order: z
                      sort order: +
                      Statistics: Num rows: 1 Data size: 100 Basic stats: COMPLETE Column stats: COMPLETE
                      value expressions: _col0 (type: int), _col1 (type: string)
        Reducer 4 
            Execution mode: vectorized, llap
            Reduce Operator Tree:
              Select Operator
                expressions: VALUE._col0 (type: int), VALUE._col1 (type: string), KEY.reducesinkkey0 (type: int)
                outputColumnNames: _col0, _col1, _col2
                Statistics: Num rows: 1 Data size: 96 Basic stats: COMPLETE Column stats: COMPLETE
                File Output Operator
                  compressed: false
                  Statistics: Num rows: 1 Data size: 96 Basic stats: COMPLETE Column stats: COMPLETE
                  table:
                      input format: org.apache.hadoop.mapred.TextInputFormat
                      output format: org.apache.hadoop.hive.ql.io.HiveIgnoreKeyTextOutputFormat
                      serde: org.apache.hadoop.hive.serde2.lazy.LazySimpleSerDe
                      name: default.t4
                Select Operator
                  expressions: _col0 (type: int), _col1 (type: string), _col2 (type: int)
                  outputColumnNames: id, name, age
                  Statistics: Num rows: 1 Data size: 96 Basic stats: COMPLETE Column stats: COMPLETE
                  Group By Operator
                    aggregations: min(id), max(id), count(1), count(id), compute_bit_vector_hll(id), max(length(name)), avg(COALESCE(length(name),0)), count(name), compute_bit_vector_hll(name), min(age), max(age), count(age), compute_bit_vector_hll(age)
                    mode: complete
                    outputColumnNames: _col0, _col1, _col2, _col3, _col4, _col5, _col6, _col7, _col8, _col9, _col10, _col11, _col12
                    Statistics: Num rows: 1 Data size: 492 Basic stats: COMPLETE Column stats: COMPLETE
                    Select Operator
                      expressions: 'LONG' (type: string), UDFToLong(_col0) (type: bigint), UDFToLong(_col1) (type: bigint), (_col2 - _col3) (type: bigint), COALESCE(ndv_compute_bit_vector(_col4),0) (type: bigint), _col4 (type: binary), 'STRING' (type: string), UDFToLong(COALESCE(_col5,0)) (type: bigint), COALESCE(_col6,0) (type: double), (_col2 - _col7) (type: bigint), COALESCE(ndv_compute_bit_vector(_col8),0) (type: bigint), _col8 (type: binary), 'LONG' (type: string), UDFToLong(_col9) (type: bigint), UDFToLong(_col10) (type: bigint), (_col2 - _col11) (type: bigint), COALESCE(ndv_compute_bit_vector(_col12),0) (type: bigint), _col12 (type: binary)
                      outputColumnNames: _col0, _col1, _col2, _col3, _col4, _col5, _col6, _col7, _col8, _col9, _col10, _col11, _col12, _col13, _col14, _col15, _col16, _col17
                      Statistics: Num rows: 1 Data size: 794 Basic stats: COMPLETE Column stats: COMPLETE
                      File Output Operator
                        compressed: false
                        Statistics: Num rows: 1 Data size: 794 Basic stats: COMPLETE Column stats: COMPLETE
                        table:
                            input format: org.apache.hadoop.mapred.SequenceFileInputFormat
                            output format: org.apache.hadoop.hive.ql.io.HiveSequenceFileOutputFormat
                            serde: org.apache.hadoop.hive.serde2.lazy.LazySimpleSerDe
        Reducer 5 
            Execution mode: llap
            Reduce Operator Tree:
              Merge Join Operator
                condition map:
                     Left Semi Join 0 to 1
                keys:
                  0 age (type: int)
                  1 _col0 (type: int)
                outputColumnNames: _col0, _col1, _col2
                Statistics: Num rows: 13 Data size: 1248 Basic stats: COMPLETE Column stats: COMPLETE
                File Output Operator
                  compressed: false
                  Statistics: Num rows: 13 Data size: 1248 Basic stats: COMPLETE Column stats: COMPLETE
                  table:
                      input format: org.apache.hadoop.mapred.TextInputFormat
                      output format: org.apache.hadoop.hive.ql.io.HiveIgnoreKeyTextOutputFormat
                      serde: org.apache.hadoop.hive.serde2.lazy.LazySimpleSerDe
                      name: default.t5
                Select Operator
                  expressions: _col0 (type: int), _col1 (type: string), _col2 (type: int)
                  outputColumnNames: id, name, ages
                  Statistics: Num rows: 13 Data size: 1248 Basic stats: COMPLETE Column stats: COMPLETE
                  Group By Operator
                    aggregations: min(id), max(id), count(1), count(id), compute_bit_vector_hll(id), max(length(name)), avg(COALESCE(length(name),0)), count(name), compute_bit_vector_hll(name), min(ages), max(ages), count(ages), compute_bit_vector_hll(ages)
                    minReductionHashAggr: 0.9230769
                    mode: hash
                    outputColumnNames: _col0, _col1, _col2, _col3, _col4, _col5, _col6, _col7, _col8, _col9, _col10, _col11, _col12
                    Statistics: Num rows: 1 Data size: 560 Basic stats: COMPLETE Column stats: COMPLETE
                    Reduce Output Operator
                      null sort order: 
                      sort order: 
                      Statistics: Num rows: 1 Data size: 560 Basic stats: COMPLETE Column stats: COMPLETE
                      value expressions: _col0 (type: int), _col1 (type: int), _col2 (type: bigint), _col3 (type: bigint), _col4 (type: binary), _col5 (type: int), _col6 (type: struct<count:bigint,sum:double,input:int>), _col7 (type: bigint), _col8 (type: binary), _col9 (type: int), _col10 (type: int), _col11 (type: bigint), _col12 (type: binary)
        Reducer 6 
            Execution mode: vectorized, llap
            Reduce Operator Tree:
              Group By Operator
                aggregations: min(VALUE._col0), max(VALUE._col1), count(VALUE._col2), count(VALUE._col3), compute_bit_vector_hll(VALUE._col4), max(VALUE._col5), avg(VALUE._col6), count(VALUE._col7), compute_bit_vector_hll(VALUE._col8), min(VALUE._col9), max(VALUE._col10), count(VALUE._col11), compute_bit_vector_hll(VALUE._col12)
                mode: mergepartial
                outputColumnNames: _col0, _col1, _col2, _col3, _col4, _col5, _col6, _col7, _col8, _col9, _col10, _col11, _col12
                Statistics: Num rows: 1 Data size: 492 Basic stats: COMPLETE Column stats: COMPLETE
                Select Operator
                  expressions: 'LONG' (type: string), UDFToLong(_col0) (type: bigint), UDFToLong(_col1) (type: bigint), (_col2 - _col3) (type: bigint), COALESCE(ndv_compute_bit_vector(_col4),0) (type: bigint), _col4 (type: binary), 'STRING' (type: string), UDFToLong(COALESCE(_col5,0)) (type: bigint), COALESCE(_col6,0) (type: double), (_col2 - _col7) (type: bigint), COALESCE(ndv_compute_bit_vector(_col8),0) (type: bigint), _col8 (type: binary), 'LONG' (type: string), UDFToLong(_col9) (type: bigint), UDFToLong(_col10) (type: bigint), (_col2 - _col11) (type: bigint), COALESCE(ndv_compute_bit_vector(_col12),0) (type: bigint), _col12 (type: binary)
                  outputColumnNames: _col0, _col1, _col2, _col3, _col4, _col5, _col6, _col7, _col8, _col9, _col10, _col11, _col12, _col13, _col14, _col15, _col16, _col17
                  Statistics: Num rows: 1 Data size: 794 Basic stats: COMPLETE Column stats: COMPLETE
                  File Output Operator
                    compressed: false
                    Statistics: Num rows: 1 Data size: 794 Basic stats: COMPLETE Column stats: COMPLETE
                    table:
                        input format: org.apache.hadoop.mapred.SequenceFileInputFormat
                        output format: org.apache.hadoop.hive.ql.io.HiveSequenceFileOutputFormat
                        serde: org.apache.hadoop.hive.serde2.lazy.LazySimpleSerDe
        Reducer 8 
            Execution mode: vectorized, llap
            Reduce Operator Tree:
              Group By Operator
                aggregations: count(VALUE._col0)
                mode: mergepartial
                outputColumnNames: _col0
                Statistics: Num rows: 1 Data size: 8 Basic stats: COMPLETE Column stats: COMPLETE
                Filter Operator
                  predicate: (_col0 = 0L) (type: boolean)
                  Statistics: Num rows: 1 Data size: 8 Basic stats: COMPLETE Column stats: COMPLETE
                  Select Operator
                    Statistics: Num rows: 1 Data size: 8 Basic stats: COMPLETE Column stats: COMPLETE
                    Group By Operator
                      keys: 0L (type: bigint)
                      minReductionHashAggr: 0.4
                      mode: hash
                      outputColumnNames: _col0
                      Statistics: Num rows: 1 Data size: 8 Basic stats: COMPLETE Column stats: COMPLETE
                      Reduce Output Operator
                        null sort order: 
                        sort order: 
                        Statistics: Num rows: 1 Data size: 8 Basic stats: COMPLETE Column stats: COMPLETE

  Stage: Stage-3
    Dependency Collection

  Stage: Stage-0
    Move Operator
      tables:
          replace: true
          table:
              input format: org.apache.hadoop.mapred.TextInputFormat
              output format: org.apache.hadoop.hive.ql.io.HiveIgnoreKeyTextOutputFormat
              serde: org.apache.hadoop.hive.serde2.lazy.LazySimpleSerDe
              name: default.t4

  Stage: Stage-4
    Stats Work
      Basic Stats Work:
      Column Stats Desc:
          Columns: id, name, age
          Column Types: int, string, int
          Table: default.t4

  Stage: Stage-1
    Move Operator
      tables:
          replace: true
          table:
              input format: org.apache.hadoop.mapred.TextInputFormat
              output format: org.apache.hadoop.hive.ql.io.HiveIgnoreKeyTextOutputFormat
              serde: org.apache.hadoop.hive.serde2.lazy.LazySimpleSerDe
              name: default.t5

  Stage: Stage-5
    Stats Work
      Basic Stats Work:
      Column Stats Desc:
          Columns: id, name, ages
          Column Types: int, string, int
          Table: default.t5

PREHOOK: query: drop table if exists t3
PREHOOK: type: DROPTABLE
PREHOOK: Input: default@t3
PREHOOK: Output: database:default
PREHOOK: Output: default@t3
POSTHOOK: query: drop table if exists t3
POSTHOOK: type: DROPTABLE
POSTHOOK: Input: default@t3
POSTHOOK: Output: database:default
POSTHOOK: Output: default@t3
PREHOOK: query: drop table if exists t4
PREHOOK: type: DROPTABLE
PREHOOK: Input: default@t4
PREHOOK: Output: database:default
PREHOOK: Output: default@t4
POSTHOOK: query: drop table if exists t4
POSTHOOK: type: DROPTABLE
POSTHOOK: Input: default@t4
POSTHOOK: Output: database:default
POSTHOOK: Output: default@t4
PREHOOK: query: drop table if exists t5
PREHOOK: type: DROPTABLE
PREHOOK: Input: default@t5
PREHOOK: Output: database:default
PREHOOK: Output: default@t5
POSTHOOK: query: drop table if exists t5
POSTHOOK: type: DROPTABLE
POSTHOOK: Input: default@t5
POSTHOOK: Output: database:default
POSTHOOK: Output: default@t5
PREHOOK: query: create table t3 (id int,name string, age int)
PREHOOK: type: CREATETABLE
PREHOOK: Output: database:default
PREHOOK: Output: default@t3
POSTHOOK: query: create table t3 (id int,name string, age int)
POSTHOOK: type: CREATETABLE
POSTHOOK: Output: database:default
POSTHOOK: Output: default@t3
PREHOOK: query: insert into t3 values(1,'Sagar',23),(2,'Sultan',NULL),(3,'Surya',23),(4,'Raman',45),(5,'Scott',23),(6,'Ramya',5),(7,'',23),(8,'',23),(9,'ron',3),(10,'Sam',22),(11,'nick',19),(12,'fed',18),(13,'kong',13),(14,'hela',45)
PREHOOK: type: QUERY
PREHOOK: Input: _dummy_database@_dummy_table
PREHOOK: Output: default@t3
POSTHOOK: query: insert into t3 values(1,'Sagar',23),(2,'Sultan',NULL),(3,'Surya',23),(4,'Raman',45),(5,'Scott',23),(6,'Ramya',5),(7,'',23),(8,'',23),(9,'ron',3),(10,'Sam',22),(11,'nick',19),(12,'fed',18),(13,'kong',13),(14,'hela',45)
POSTHOOK: type: QUERY
POSTHOOK: Input: _dummy_database@_dummy_table
POSTHOOK: Output: default@t3
POSTHOOK: Lineage: t3.age SCRIPT []
POSTHOOK: Lineage: t3.id SCRIPT []
POSTHOOK: Lineage: t3.name SCRIPT []
PREHOOK: query: create table t4 (id int,name string, age int)
PREHOOK: type: CREATETABLE
PREHOOK: Output: database:default
PREHOOK: Output: default@t4
POSTHOOK: query: create table t4 (id int,name string, age int)
POSTHOOK: type: CREATETABLE
POSTHOOK: Output: database:default
POSTHOOK: Output: default@t4
PREHOOK: query: insert into t4 values(1,'Sagar',23),(3,'Surya',23),(4,'Raman',45),(5,'Scott',23),(6,'Ramya',5),(7,'',23),(8,'',23)
PREHOOK: type: QUERY
PREHOOK: Input: _dummy_database@_dummy_table
PREHOOK: Output: default@t4
POSTHOOK: query: insert into t4 values(1,'Sagar',23),(3,'Surya',23),(4,'Raman',45),(5,'Scott',23),(6,'Ramya',5),(7,'',23),(8,'',23)
POSTHOOK: type: QUERY
POSTHOOK: Input: _dummy_database@_dummy_table
POSTHOOK: Output: default@t4
POSTHOOK: Lineage: t4.age SCRIPT []
POSTHOOK: Lineage: t4.id SCRIPT []
POSTHOOK: Lineage: t4.name SCRIPT []
PREHOOK: query: create table t5 (id int,name string, ages int)
PREHOOK: type: CREATETABLE
PREHOOK: Output: database:default
PREHOOK: Output: default@t5
POSTHOOK: query: create table t5 (id int,name string, ages int)
POSTHOOK: type: CREATETABLE
POSTHOOK: Output: database:default
POSTHOOK: Output: default@t5
PREHOOK: query: insert into t5 values(1,'Sagar',23),(3,'Surya',NULL),(4,'Raman',45),(5,'Scott',23),(6,'Ramya',5),(7,'',23),(8,'',23)
PREHOOK: type: QUERY
PREHOOK: Input: _dummy_database@_dummy_table
PREHOOK: Output: default@t5
POSTHOOK: query: insert into t5 values(1,'Sagar',23),(3,'Surya',NULL),(4,'Raman',45),(5,'Scott',23),(6,'Ramya',5),(7,'',23),(8,'',23)
POSTHOOK: type: QUERY
POSTHOOK: Input: _dummy_database@_dummy_table
POSTHOOK: Output: default@t5
POSTHOOK: Lineage: t5.ages SCRIPT []
POSTHOOK: Lineage: t5.id SCRIPT []
POSTHOOK: Lineage: t5.name SCRIPT []
Warning: Shuffle Join MERGEJOIN[48][tables = [t3, sq_1_notin_nullcheck]] in Stage 'Reducer 2' is a cross product
PREHOOK: query: select count(*) from t3
where age not in (select distinct(age) age from t4)
PREHOOK: type: QUERY
PREHOOK: Input: default@t3
PREHOOK: Input: default@t4
#### A masked pattern was here ####
POSTHOOK: query: select count(*) from t3
where age not in (select distinct(age) age from t4)
POSTHOOK: type: QUERY
POSTHOOK: Input: default@t3
POSTHOOK: Input: default@t4
#### A masked pattern was here ####
5
Warning: Shuffle Join MERGEJOIN[48][tables = [t3, sq_1_notin_nullcheck]] in Stage 'Reducer 2' is a cross product
PREHOOK: query: select count(*) from t3
where t3.age not in (select distinct(age) age from t4)
PREHOOK: type: QUERY
PREHOOK: Input: default@t3
PREHOOK: Input: default@t4
#### A masked pattern was here ####
POSTHOOK: query: select count(*) from t3
where t3.age not in (select distinct(age) age from t4)
POSTHOOK: type: QUERY
POSTHOOK: Input: default@t3
POSTHOOK: Input: default@t4
#### A masked pattern was here ####
5
Warning: Shuffle Join MERGEJOIN[48][tables = [t3, sq_1_notin_nullcheck]] in Stage 'Reducer 2' is a cross product
PREHOOK: query: select count(*) from t3
where age not in (select distinct(ages) ages from t5)
PREHOOK: type: QUERY
PREHOOK: Input: default@t3
PREHOOK: Input: default@t5
#### A masked pattern was here ####
POSTHOOK: query: select count(*) from t3
where age not in (select distinct(ages) ages from t5)
POSTHOOK: type: QUERY
POSTHOOK: Input: default@t3
POSTHOOK: Input: default@t5
#### A masked pattern was here ####
0
PREHOOK: query: select count(*) from t3
where age not in (23,22,18)
PREHOOK: type: QUERY
PREHOOK: Input: default@t3
#### A masked pattern was here ####
POSTHOOK: query: select count(*) from t3
where age not in (23,22,18)
POSTHOOK: type: QUERY
POSTHOOK: Input: default@t3
#### A masked pattern was here ####
6
Warning: Shuffle Join MERGEJOIN[44][tables = [t3, sq_1_notin_nullcheck]] in Stage 'Reducer 2' is a cross product
PREHOOK: query: explain select * from t3
        where age not in (select distinct(age) age from t4)
PREHOOK: type: QUERY
PREHOOK: Input: default@t3
PREHOOK: Input: default@t4
#### A masked pattern was here ####
POSTHOOK: query: explain select * from t3
        where age not in (select distinct(age) age from t4)
POSTHOOK: type: QUERY
POSTHOOK: Input: default@t3
POSTHOOK: Input: default@t4
#### A masked pattern was here ####
STAGE DEPENDENCIES:
  Stage-1 is a root stage
  Stage-0 depends on stages: Stage-1

STAGE PLANS:
  Stage: Stage-1
    Tez
#### A masked pattern was here ####
      Edges:
        Reducer 2 <- Map 1 (XPROD_EDGE), Reducer 7 (XPROD_EDGE)
        Reducer 3 <- Reducer 2 (SIMPLE_EDGE), Reducer 5 (SIMPLE_EDGE)
        Reducer 5 <- Map 4 (SIMPLE_EDGE)
        Reducer 6 <- Map 4 (SIMPLE_EDGE)
        Reducer 7 <- Reducer 6 (CUSTOM_SIMPLE_EDGE)
#### A masked pattern was here ####
      Vertices:
        Map 1 
            Map Operator Tree:
                TableScan
                  alias: t3
                  filterExpr: age is not null (type: boolean)
                  Statistics: Num rows: 14 Data size: 1344 Basic stats: COMPLETE Column stats: COMPLETE
                  Filter Operator
                    predicate: age is not null (type: boolean)
                    Statistics: Num rows: 13 Data size: 1248 Basic stats: COMPLETE Column stats: COMPLETE
                    Reduce Output Operator
                      null sort order: 
                      sort order: 
                      Statistics: Num rows: 13 Data size: 1248 Basic stats: COMPLETE Column stats: COMPLETE
                      value expressions: id (type: int), name (type: string), age (type: int)
            Execution mode: vectorized, llap
            LLAP IO: all inputs
        Map 4 
            Map Operator Tree:
                TableScan
                  alias: t4
                  filterExpr: (age is not null or age is null) (type: boolean)
                  Statistics: Num rows: 7 Data size: 28 Basic stats: COMPLETE Column stats: COMPLETE
                  Filter Operator
                    predicate: age is not null (type: boolean)
                    Statistics: Num rows: 7 Data size: 28 Basic stats: COMPLETE Column stats: COMPLETE
                    Group By Operator
                      keys: age (type: int)
                      minReductionHashAggr: 0.57142854
                      mode: hash
                      outputColumnNames: _col0
                      Statistics: Num rows: 3 Data size: 12 Basic stats: COMPLETE Column stats: COMPLETE
                      Reduce Output Operator
                        key expressions: _col0 (type: int)
                        null sort order: z
                        sort order: +
                        Map-reduce partition columns: _col0 (type: int)
                        Statistics: Num rows: 3 Data size: 12 Basic stats: COMPLETE Column stats: COMPLETE
                  Filter Operator
                    predicate: age is null (type: boolean)
                    Statistics: Num rows: 1 Data size: 4 Basic stats: COMPLETE Column stats: COMPLETE
                    Select Operator
                      Statistics: Num rows: 1 Data size: 4 Basic stats: COMPLETE Column stats: COMPLETE
                      Group By Operator
                        keys: null (type: int)
                        minReductionHashAggr: 0.4
                        mode: hash
                        outputColumnNames: _col0
                        Statistics: Num rows: 1 Data size: 4 Basic stats: COMPLETE Column stats: COMPLETE
                        Reduce Output Operator
                          key expressions: null (type: int)
                          null sort order: z
                          sort order: +
                          Map-reduce partition columns: null (type: int)
                          Statistics: Num rows: 1 Data size: 4 Basic stats: COMPLETE Column stats: COMPLETE
            Execution mode: vectorized, llap
            LLAP IO: all inputs
        Reducer 2 
            Execution mode: llap
            Reduce Operator Tree:
              Merge Join Operator
                condition map:
                     Left Semi Join 0 to 1
                keys:
                  0 
                  1 
                outputColumnNames: _col0, _col1, _col2
                Statistics: Num rows: 13 Data size: 1248 Basic stats: COMPLETE Column stats: COMPLETE
                Reduce Output Operator
                  key expressions: _col2 (type: int)
                  null sort order: z
                  sort order: +
                  Map-reduce partition columns: _col2 (type: int)
                  Statistics: Num rows: 13 Data size: 1248 Basic stats: COMPLETE Column stats: COMPLETE
                  value expressions: _col0 (type: int), _col1 (type: string)
        Reducer 3 
            Execution mode: llap
            Reduce Operator Tree:
              Merge Join Operator
                condition map:
                     Left Outer Join 0 to 1
                keys:
                  0 _col2 (type: int)
                  1 _col0 (type: int)
                outputColumnNames: _col0, _col1, _col2, _col7
                Statistics: Num rows: 17 Data size: 1652 Basic stats: COMPLETE Column stats: COMPLETE
                Filter Operator
                  predicate: _col7 is null (type: boolean)
                  Statistics: Num rows: 13 Data size: 1264 Basic stats: COMPLETE Column stats: COMPLETE
                  Select Operator
                    expressions: _col0 (type: int), _col1 (type: string), _col2 (type: int)
                    outputColumnNames: _col0, _col1, _col2
                    Statistics: Num rows: 13 Data size: 1264 Basic stats: COMPLETE Column stats: COMPLETE
                    File Output Operator
                      compressed: false
                      Statistics: Num rows: 13 Data size: 1264 Basic stats: COMPLETE Column stats: COMPLETE
                      table:
                          input format: org.apache.hadoop.mapred.SequenceFileInputFormat
                          output format: org.apache.hadoop.hive.ql.io.HiveSequenceFileOutputFormat
                          serde: org.apache.hadoop.hive.serde2.lazy.LazySimpleSerDe
        Reducer 5 
            Execution mode: vectorized, llap
            Reduce Operator Tree:
              Group By Operator
                keys: KEY._col0 (type: int)
                mode: mergepartial
                outputColumnNames: _col0
                Statistics: Num rows: 3 Data size: 12 Basic stats: COMPLETE Column stats: COMPLETE
                Reduce Output Operator
                  key expressions: _col0 (type: int)
                  null sort order: z
                  sort order: +
                  Map-reduce partition columns: _col0 (type: int)
                  Statistics: Num rows: 3 Data size: 12 Basic stats: COMPLETE Column stats: COMPLETE
        Reducer 6 
            Execution mode: vectorized, llap
            Reduce Operator Tree:
              Group By Operator
                keys: null (type: int)
                mode: mergepartial
                outputColumnNames: _col0
                Statistics: Num rows: 1 Data size: 4 Basic stats: COMPLETE Column stats: COMPLETE
                Select Operator
                  Statistics: Num rows: 1 Data size: 4 Basic stats: COMPLETE Column stats: COMPLETE
                  Group By Operator
                    aggregations: count()
                    minReductionHashAggr: 0.4
                    mode: hash
                    outputColumnNames: _col0
                    Statistics: Num rows: 1 Data size: 8 Basic stats: COMPLETE Column stats: COMPLETE
                    Reduce Output Operator
                      null sort order: 
                      sort order: 
                      Statistics: Num rows: 1 Data size: 8 Basic stats: COMPLETE Column stats: COMPLETE
                      value expressions: _col0 (type: bigint)
        Reducer 7 
            Execution mode: vectorized, llap
            Reduce Operator Tree:
              Group By Operator
                aggregations: count(VALUE._col0)
                mode: mergepartial
                outputColumnNames: _col0
                Statistics: Num rows: 1 Data size: 8 Basic stats: COMPLETE Column stats: COMPLETE
                Filter Operator
                  predicate: (_col0 = 0L) (type: boolean)
                  Statistics: Num rows: 1 Data size: 8 Basic stats: COMPLETE Column stats: COMPLETE
                  Select Operator
                    Statistics: Num rows: 1 Data size: 8 Basic stats: COMPLETE Column stats: COMPLETE
                    Group By Operator
                      keys: 0L (type: bigint)
                      minReductionHashAggr: 0.4
                      mode: hash
                      outputColumnNames: _col0
                      Statistics: Num rows: 1 Data size: 8 Basic stats: COMPLETE Column stats: COMPLETE
                      Reduce Output Operator
                        null sort order: 
                        sort order: 
                        Statistics: Num rows: 1 Data size: 8 Basic stats: COMPLETE Column stats: COMPLETE

  Stage: Stage-0
    Fetch Operator
      limit: -1
      Processor Tree:
        ListSink

Warning: Shuffle Join MERGEJOIN[50][tables = [t3, sq_1_notin_nullcheck]] in Stage 'Reducer 2' is a cross product
PREHOOK: query: select count(*) from t3
where age not in (select distinct(age)age from t3 t1 where t1.age > 10)
PREHOOK: type: QUERY
PREHOOK: Input: default@t3
#### A masked pattern was here ####
POSTHOOK: query: select count(*) from t3
where age not in (select distinct(age)age from t3 t1 where t1.age > 10)
POSTHOOK: type: QUERY
POSTHOOK: Input: default@t3
#### A masked pattern was here ####
2
Warning: Shuffle Join MERGEJOIN[42][tables = [$hdt$_0, $hdt$_1, $hdt$_2]] in Stage 'Reducer 3' is a cross product
PREHOOK: query: select count(*) from t3
where age not in (select distinct(age) age from t4)
PREHOOK: type: QUERY
PREHOOK: Input: default@t3
PREHOOK: Input: default@t4
#### A masked pattern was here ####
POSTHOOK: query: select count(*) from t3
where age not in (select distinct(age) age from t4)
POSTHOOK: type: QUERY
POSTHOOK: Input: default@t3
POSTHOOK: Input: default@t4
#### A masked pattern was here ####
5
Warning: Shuffle Join MERGEJOIN[42][tables = [$hdt$_0, $hdt$_1, $hdt$_2]] in Stage 'Reducer 3' is a cross product
PREHOOK: query: select count(*) from t3
where t3.age not in (select distinct(age) age from t4)
PREHOOK: type: QUERY
PREHOOK: Input: default@t3
PREHOOK: Input: default@t4
#### A masked pattern was here ####
POSTHOOK: query: select count(*) from t3
where t3.age not in (select distinct(age) age from t4)
POSTHOOK: type: QUERY
POSTHOOK: Input: default@t3
POSTHOOK: Input: default@t4
#### A masked pattern was here ####
5
Warning: Shuffle Join MERGEJOIN[42][tables = [$hdt$_0, $hdt$_1, $hdt$_2]] in Stage 'Reducer 3' is a cross product
PREHOOK: query: select count(*) from t3
where age not in (select distinct(ages) ages from t5)
PREHOOK: type: QUERY
PREHOOK: Input: default@t3
PREHOOK: Input: default@t5
#### A masked pattern was here ####
POSTHOOK: query: select count(*) from t3
where age not in (select distinct(ages) ages from t5)
POSTHOOK: type: QUERY
POSTHOOK: Input: default@t3
POSTHOOK: Input: default@t5
#### A masked pattern was here ####
0
PREHOOK: query: select count(*) from t3
where age not in (23,22,18)
PREHOOK: type: QUERY
PREHOOK: Input: default@t3
#### A masked pattern was here ####
POSTHOOK: query: select count(*) from t3
where age not in (23,22,18)
POSTHOOK: type: QUERY
POSTHOOK: Input: default@t3
#### A masked pattern was here ####
6
Warning: Shuffle Join MERGEJOIN[38][tables = [$hdt$_0, $hdt$_1, $hdt$_2]] in Stage 'Reducer 3' is a cross product
PREHOOK: query: explain select * from t3
        where age not in (select distinct(age) age from t4)
PREHOOK: type: QUERY
PREHOOK: Input: default@t3
PREHOOK: Input: default@t4
#### A masked pattern was here ####
POSTHOOK: query: explain select * from t3
        where age not in (select distinct(age) age from t4)
POSTHOOK: type: QUERY
POSTHOOK: Input: default@t3
POSTHOOK: Input: default@t4
#### A masked pattern was here ####
STAGE DEPENDENCIES:
  Stage-1 is a root stage
  Stage-0 depends on stages: Stage-1

STAGE PLANS:
  Stage: Stage-1
    Tez
#### A masked pattern was here ####
      Edges:
        Reducer 2 <- Map 1 (SIMPLE_EDGE), Reducer 5 (SIMPLE_EDGE)
        Reducer 3 <- Reducer 2 (XPROD_EDGE), Reducer 7 (XPROD_EDGE)
        Reducer 5 <- Map 4 (SIMPLE_EDGE)
        Reducer 6 <- Map 4 (SIMPLE_EDGE)
        Reducer 7 <- Reducer 6 (CUSTOM_SIMPLE_EDGE)
#### A masked pattern was here ####
      Vertices:
        Map 1 
            Map Operator Tree:
                TableScan
                  alias: t3
                  Statistics: Num rows: 14 Data size: 1344 Basic stats: COMPLETE Column stats: COMPLETE
                  Select Operator
                    expressions: id (type: int), name (type: string), age (type: int)
                    outputColumnNames: _col0, _col1, _col2
                    Statistics: Num rows: 14 Data size: 1344 Basic stats: COMPLETE Column stats: COMPLETE
                    Reduce Output Operator
                      key expressions: _col2 (type: int)
                      null sort order: z
                      sort order: +
                      Map-reduce partition columns: _col2 (type: int)
                      Statistics: Num rows: 14 Data size: 1344 Basic stats: COMPLETE Column stats: COMPLETE
                      value expressions: _col0 (type: int), _col1 (type: string)
            Execution mode: vectorized, llap
            LLAP IO: all inputs
        Map 4 
            Map Operator Tree:
                TableScan
                  alias: t4
                  Statistics: Num rows: 7 Data size: 28 Basic stats: COMPLETE Column stats: COMPLETE
                  Filter Operator
                    predicate: age is not null (type: boolean)
                    Statistics: Num rows: 7 Data size: 28 Basic stats: COMPLETE Column stats: COMPLETE
                    Group By Operator
                      keys: age (type: int)
                      minReductionHashAggr: 0.57142854
                      mode: hash
                      outputColumnNames: _col0
                      Statistics: Num rows: 3 Data size: 12 Basic stats: COMPLETE Column stats: COMPLETE
                      Reduce Output Operator
                        key expressions: _col0 (type: int)
                        null sort order: z
                        sort order: +
                        Map-reduce partition columns: _col0 (type: int)
                        Statistics: Num rows: 3 Data size: 12 Basic stats: COMPLETE Column stats: COMPLETE
                  Select Operator
                    expressions: age (type: int)
                    outputColumnNames: age
                    Statistics: Num rows: 7 Data size: 28 Basic stats: COMPLETE Column stats: COMPLETE
                    Group By Operator
                      keys: age (type: int)
                      minReductionHashAggr: 0.57142854
                      mode: hash
                      outputColumnNames: _col0
                      Statistics: Num rows: 3 Data size: 12 Basic stats: COMPLETE Column stats: COMPLETE
                      Reduce Output Operator
                        key expressions: _col0 (type: int)
                        null sort order: z
                        sort order: +
                        Map-reduce partition columns: _col0 (type: int)
                        Statistics: Num rows: 3 Data size: 12 Basic stats: COMPLETE Column stats: COMPLETE
            Execution mode: vectorized, llap
            LLAP IO: all inputs
        Reducer 2 
            Execution mode: llap
            Reduce Operator Tree:
              Merge Join Operator
                condition map:
                     Left Outer Join 0 to 1
                keys:
                  0 _col2 (type: int)
                  1 _col0 (type: int)
                outputColumnNames: _col0, _col1, _col2, _col4
                Statistics: Num rows: 19 Data size: 1848 Basic stats: COMPLETE Column stats: COMPLETE
                Reduce Output Operator
                  null sort order: 
                  sort order: 
                  Statistics: Num rows: 19 Data size: 1848 Basic stats: COMPLETE Column stats: COMPLETE
                  value expressions: _col0 (type: int), _col1 (type: string), _col2 (type: int), _col4 (type: boolean)
        Reducer 3 
            Execution mode: llap
            Reduce Operator Tree:
              Merge Join Operator
                condition map:
                     Inner Join 0 to 1
                keys:
                  0 
                  1 
                outputColumnNames: _col0, _col1, _col2, _col4, _col5, _col6
                Statistics: Num rows: 19 Data size: 2152 Basic stats: COMPLETE Column stats: COMPLETE
                Select Operator
                  expressions: _col0 (type: int), _col1 (type: string), _col2 (type: int), _col5 (type: bigint), _col6 (type: bigint), _col4 (type: boolean)
                  outputColumnNames: _col0, _col1, _col2, _col3, _col4, _col6
                  Statistics: Num rows: 19 Data size: 2152 Basic stats: COMPLETE Column stats: COMPLETE
                  Filter Operator
                    predicate: ((_col3 = 0L) or (_col6 is null and (_col4 >= _col3) and _col2 is not null)) (type: boolean)
                    Statistics: Num rows: 19 Data size: 2152 Basic stats: COMPLETE Column stats: COMPLETE
                    Select Operator
                      expressions: _col0 (type: int), _col1 (type: string), _col2 (type: int)
                      outputColumnNames: _col0, _col1, _col2
                      Statistics: Num rows: 19 Data size: 1824 Basic stats: COMPLETE Column stats: COMPLETE
                      File Output Operator
                        compressed: false
                        Statistics: Num rows: 19 Data size: 1824 Basic stats: COMPLETE Column stats: COMPLETE
                        table:
                            input format: org.apache.hadoop.mapred.SequenceFileInputFormat
                            output format: org.apache.hadoop.hive.ql.io.HiveSequenceFileOutputFormat
                            serde: org.apache.hadoop.hive.serde2.lazy.LazySimpleSerDe
        Reducer 5 
            Execution mode: vectorized, llap
            Reduce Operator Tree:
              Group By Operator
                keys: KEY._col0 (type: int)
                mode: mergepartial
                outputColumnNames: _col0
                Statistics: Num rows: 3 Data size: 12 Basic stats: COMPLETE Column stats: COMPLETE
                Select Operator
                  expressions: _col0 (type: int), true (type: boolean)
                  outputColumnNames: _col0, _col1
                  Statistics: Num rows: 3 Data size: 24 Basic stats: COMPLETE Column stats: COMPLETE
                  Reduce Output Operator
                    key expressions: _col0 (type: int)
                    null sort order: z
                    sort order: +
                    Map-reduce partition columns: _col0 (type: int)
                    Statistics: Num rows: 3 Data size: 24 Basic stats: COMPLETE Column stats: COMPLETE
                    value expressions: _col1 (type: boolean)
        Reducer 6 
            Execution mode: vectorized, llap
            Reduce Operator Tree:
              Group By Operator
                keys: KEY._col0 (type: int)
                mode: mergepartial
                outputColumnNames: _col0
                Statistics: Num rows: 3 Data size: 12 Basic stats: COMPLETE Column stats: COMPLETE
                Group By Operator
                  aggregations: count(), count(_col0)
                  minReductionHashAggr: 0.6666666
                  mode: hash
                  outputColumnNames: _col0, _col1
                  Statistics: Num rows: 1 Data size: 16 Basic stats: COMPLETE Column stats: COMPLETE
                  Reduce Output Operator
                    null sort order: 
                    sort order: 
                    Statistics: Num rows: 1 Data size: 16 Basic stats: COMPLETE Column stats: COMPLETE
                    value expressions: _col0 (type: bigint), _col1 (type: bigint)
        Reducer 7 
            Execution mode: vectorized, llap
            Reduce Operator Tree:
              Group By Operator
                aggregations: count(VALUE._col0), count(VALUE._col1)
                mode: mergepartial
                outputColumnNames: _col0, _col1
                Statistics: Num rows: 1 Data size: 16 Basic stats: COMPLETE Column stats: COMPLETE
                Reduce Output Operator
                  null sort order: 
                  sort order: 
                  Statistics: Num rows: 1 Data size: 16 Basic stats: COMPLETE Column stats: COMPLETE
                  value expressions: _col0 (type: bigint), _col1 (type: bigint)

  Stage: Stage-0
    Fetch Operator
      limit: -1
      Processor Tree:
        ListSink

Warning: Shuffle Join MERGEJOIN[44][tables = [$hdt$_0, $hdt$_1, $hdt$_2]] in Stage 'Reducer 3' is a cross product
PREHOOK: query: select count(*) from t3
where age not in (select distinct(age)age from t3 t1 where t1.age > 10)
PREHOOK: type: QUERY
PREHOOK: Input: default@t3
#### A masked pattern was here ####
POSTHOOK: query: select count(*) from t3
where age not in (select distinct(age)age from t3 t1 where t1.age > 10)
POSTHOOK: type: QUERY
POSTHOOK: Input: default@t3
#### A masked pattern was here ####
2
